1.4382973112574
1.4321727321663
1.4260909511398
1.420051806794
1.414055134222
1.4081007650602
1.402188527558
1.3963182466484
1.3904897440218
1.3847028382008
1.378957344617
1.3732530756894
1.3675898409038
1.3619674468943
1.356385697525
1.3508443939733
1.345343334814
1.3398823161039
1.3344611314673
1.3290795721818
1.3237374272649
1.3184344835601
1.3131705258241
1.3079453368133
1.3027586973706
1.2976103865122
1.2925001815136
1.2874278579962
1.2823931900124
1.277395950131
1.2724359095216
1.2675128380386
1.2626265043043
1.2577766757911
1.2529631189032
1.2481855990569
1.2434438807605
1.2387377276923
1.2340669027784
1.2294311682689
1.2248302858128
1.2202640165319
1.2157321210937
1.2112343597823
1.2067704925685
1.2023402791784
1.1979434791607
1.1935798519524
1.1892491569433
1.1849511535387
1.1806856012214
1.1764522596113
1.172250888524
1.1680812480281
1.1639430985008
1.1598362006817
1.1557603157259
1.1517152052546
1.1477006314053
1.1437163568797
1.1397621449904
1.1358377597062
1.131942965696
1.1280775283713
1.1242412139266
1.1204337893796
1.1166550226089
1.112904682391
1.1091825384354
1.105488361419
1.1018219230186
1.0981829959424
1.0945713539601
1.0909867719317
1.0874290258351
1.0838978927928
1.0803931510965
1.0769145802317
1.0734619609001
1.0700350750417
1.0666337058551
1.063257637817
1.0599066567011
1.056580549595
1.0532791049168
1.0500021124307
1.0467493632611
1.0435206499063
1.0403157662513
1.0371345075789
1.0339766705811
1.0308420533689
1.0277304554812
1.0246416778935
1.0215755230251
1.0185317947461
1.0155102983838
1.0125108407272
1.0095332300326
1.0065772760269
1.0036427899113
1.000729584364
0.99783747354203
0.99496627308316
0.99211580010659
0.98928587321343
0.98647631248656
0.98368693949001
0.98091757726784
0.97816805034249
0.97543818471275
0.97272780785127
0.97003674870161
0.96736483767491
0.9647119066462
0.96207778895027
0.95946231937721
0.95686533416766
0.95428667100763
0.95172616902307
0.94918366877414
0.94665901224915
0.94415204285828
0.941662605427
0.93919054618921
0.93673571278026
0.93429795422959
0.93187712095331
0.92947306474642
0.92708563877498
0.92471469756804
0.92236009700932
0.92002169432893
0.91769934809469
0.91539291820352
0.91310226587257
0.91082725363029
0.90856774530732
0.90632360602735
0.90409470219784
0.90188090150062
0.89968207288246
0.89749808654554
0.89532881393786
0.89317412774352
0.89103390187307
0.88890801145369
0.88679633281937
0.88469874350109
0.88261512221688
0.88054534886195
0.87848930449871
0.87644687134684
0.87441793277327
0.87240237328225
0.87040007850535
0.86841093519144
0.86643483119675
0.86447165547488
0.86252129806684
0.8605836500911
0.85865860373365
0.85674605223813
0.8548458898959
0.85295801203625
0.85108231501652
0.84921869621234
0.84736705400789
0.84552728778615
0.84369929791928
0.84188298575895
0.8400782536268
0.83828500480486
0.83650314352611
0.834732574965
0.83297320522814
0.83122494134489
0.82948769125819
0.82776136381526
0.8260458687585
0.82434111671638
0.82264701919442
0.82096348856625
0.81929043806463
0.81762778177272
0.8159754346152
0.81433331234964
0.81270133155783
0.81107940963722
0.80946746479242
0.80786541602674
0.80627318313387
0.80469068668955
0.80311784804335
0.80155458931057
0.80000083336406
0.79845650382631
0.79692152506146
0.79539582216742
0.79387932096813
0.79237194800579
0.79087363053322
0.78938429650631
0.78790387457645
0.78643229408318
0.78496948504676
0.78351537816091
0.7820699047856
0.78063299693987
0.77920458729478
0.77778460916641
0.7763729965089
0.77496968390762
0.77357460657235
0.77218770033058
0.77080890162085
0.76943814748615
0.76807537556745
0.76672052409721
0.76537353189302
0.76403433835129
0.76270288344105
0.76137910769769
0.76006295221694
0.75875435864878
0.75745326919148
0.75615962658569
0.75487337410858
0.75359445556812
0.75232281529727
0.7510583981484
0.74980114948768
0.74855101518955
0.74730794163125
0.74607187568742
0.74484276472475
0.74362055659673
0.74240519963838
0.74119664266112
0.73999483494763
0.73879972624684
0.73761126676894
0.7364294071804
0.73525409859915
0.73408529258971
0.73292294115849
0.73176699674899
0.73061741223723
0.7294741409271
0.7283371365458
0.72720635323941
0.72608174556836
0.72496326850309
0.72385087741969
0.72274452809561
0.72164417670544
0.72054977981668
0.7194612943856
0.71837867775317
0.71730188764101
0.71623088214735
0.71516561974313
0.71410605926803
0.71305215992668
0.71200388128476
0.71096118326531
0.70992402614493
0.70889237055012
0.70786617745367
0.70684540817101
0.70583002435666
0.70481998800073
0.70381526142546
0.70281580728173
0.70182158854571
0.70083256851549
0.69984871080776
0.69886997935453
0.6978963383999
0.69692775249685
0.69596418650406
0.69500560558282
0.69405197519389
0.69310326109449
0.69215942933525
0.6912204462572
0.69028627848889
0.6893568929434
0.68843225681551
0.6875123375788
0.68659710298288
0.68568652105057
0.68478056007516
0.68387918861769
0.68298237550427
0.68209008982339
0.68120230092332
0.6803189784095
0.67944009214196
0.67856561223281
0.67769550904371
0.67682975318339
0.67596831550518
0.67511116710461
0.67425827931702
0.67340962371515
0.67256517210683
0.67172489653264
0.67088876926364
0.6700567627991
0.66922884986423
0.66840500340801
0.66758519660098
0.66676940283308
0.66595759571148
0.66514974905852
0.66434583690958
0.66354583351099
0.66274971331805
0.66195745099294
0.66116902140276
0.66038439961754
0.65960356090827
0.65882648074498
0.65805313479484
0.65728349892022
0.65651754917688
0.65575526181208
0.65499661326276
0.65424158015373
0.65349013929587
0.65274226768438
0.65199794249702
0.65125714109237
0.65051984100813
0.64978601995941
0.64905565583708
0.64832872670609
0.64760521080382
0.64688508653849
0.64616833248756
0.6454549273961
0.64474485017524
0.64403807990066
0.64333459581097
0.64263437730629
0.64193740394664
0.64124365545057
0.64055311169357
0.63986575270672
0.63918155867517
0.63850050993677
0.63782258698063
0.63714777044576
0.63647604111963
0.63580737993688
0.63514176797792
0.63447918646761
0.63381961677392
0.63316304040668
0.63250943901621
0.63185879439209
0.63121108846189
0.63056630328988
0.62992442107584
0.62928542415381
0.62864929499085
0.6280160161859
0.62738557046852
0.62675794069778
0.62613310986104
0.62551106107282
0.62489177757369
0.62427524272908
0.62366144002822
0.62305035308299
0.62244196562687
0.62183626151382
0.62123322471722
0.62063283932883
0.6200350895577
0.61943995972919
0.61884743428386
0.61825749777654
0.61767013487527
0.6170853303603
0.61650306912313
0.61592333616554
0.61534611659857
0.61477139564163
0.61419915862151
0.61362939097145
0.61306207823022
0.61249720604119
0.61193476015144
0.61137472641084
0.61081709077117
0.61026183928522
0.60970895810597
0.60915843348564
0.60861025177489
0.60806439942199
0.60752086297193
0.60697962906562
0.60644068443905
0.6059040159225
0.60536961043973
0.60483745500714
0.60430753673304
0.60377984281684
0.60325436054826
0.60273107730659
0.60220998055992
0.60169105786438
0.6011742968634
0.600659685287
0.60014721095102
0.5996368617564
0.5991286256885
0.59862249081637
0.59811844529202
0.59761647734978
0.59711657530558
0.59661872755626
0.59612292257892
0.59562914893023
0.59513739524581
0.59464765023949
0.59415990270276
0.59367414150405
0.59319035558815
0.59270853397554
0.59222866576177
0.59175074011688
0.59127474628473
0.59080067358244
0.59032851139977
0.58985824919852
0.58938987651195
0.58892338294421
0.58845875816971
0.58799599193263
0.58753507404627
0.58707599439253
0.58661874292137
0.5861633096502
0.58570968466342
0.58525785811178
0.58480782021194
0.58435956124585
0.58391307156029
0.58346834156635
0.58302536173886
0.58258412261591
0.58214461479837
0.58170682894934
0.5812707557937
0.58083638611757
0.58040371076786
0.57997272065177
0.57954340673633
0.57911576004789
0.57868977167169
0.57826543275137
0.57784273448852
0.5774216681422
0.57700222502854
0.57658439652023
0.57616817404613
0.57575354909078
0.57534051319399
0.57492905795044
0.57451917500918
0.57411085607326
0.5737040928993
0.57329887729704
0.572895201129
0.57249305630999
0.57209243480675
0.57169332863755
0.57129572987178
0.57089963062953
0.57050502308127
0.57011189944739
0.56972025199787
0.56933007305184
0.56894135497727
0.56855409019057
0.5681682711562
0.56778389038631
0.56740094044042
0.56701941392499
0.56663930349314
0.56626060184421
0.56588330172349
0.56550739592182
0.56513287727527
0.5647597386648
0.56438797301591
0.56401757329829
0.56364853252554
0.56328084375478
0.56291450008637
0.56254949466355
0.56218582067215
0.56182347134026
0.56146243993792
0.56110271977677
0.56074430420981
0.56038718663104
0.56003136047518
0.55967681921734
0.55932355637276
0.55897156549649
0.5586208401831
0.5582713740664
0.55792316081912
0.55757619415268
0.55723046781684
0.55688597559947
0.55654271132624
0.55620066886036
0.55585984210232
0.55552022498957
0.55518181149631
0.55484459563318
0.55450857144701
0.55417373302057
0.55384007447228
0.55350758995598
0.55317627366066
0.55284611981023
0.55251712266322
0.55218927651258
0.5518625756854
0.5515370145427
0.55121258747914
0.55088928892283
0.55056711333503
0.55024605520999
0.54992610907465
0.54960726948844
0.54928953104304
0.54897288836214
0.54865733610123
0.5483428689474
0.54802948161903
0.54771716886568
0.54740592546778
0.54709574623646
0.54678662601332
0.54647855967023
0.54617154210908
0.54586556826163
0.54556063308923
0.54525673158268
0.54495385876197
0.54465200967612
0.54435117940295
0.54405136304889
0.54375255574878
0.54345475266567
0.54315794899062
0.54286213994253
0.54256732076793
0.54227348674078
0.54198063316229
0.54168875536074
0.5413978486913
0.54110790853581
0.54081893030264
0.54053090942648
0.54024384136816
0.5399577216145
0.53967254567811
0.53938830909719
0.53910500743543
0.53882263628175
0.53854119125019
0.53826066797971
0.53798106213404
0.53770236940148
0.53742458549478
0.53714770615095
0.53687172713108
0.53659664422021
0.53632245322716
0.53604914998436
0.53577673034769
0.53550519019633
0.53523452543263
0.53496473198189
0.53469580579229
0.53442774283466
0.53416053910238
0.53389419061121
0.53362869339915
0.53336404352628
0.53310023707463
0.53283727014801
0.53257513887191
0.53231383939331
0.53205336788057
0.53179372052326
0.53153489353206
0.53127688313857
0.53101968559524
0.53076329717517
0.53050771417201
0.53025293289981
0.5299989496929
0.52974576090575
0.52949336291283
0.52924175210851
0.5289909249069
0.52874087774172
0.5284916070662
0.52824310935295
0.52799538109381
0.52774841879973
0.52750221900068
0.52725677824549
0.52701209310174
0.52676816015566
0.52652497601198
0.52628253729383
0.5260408406426
0.52579988271786
0.52555966019722
0.52532016977621
0.52508140816818
0.52484337210418
0.52460605833286
0.52436946362032
0.52413358475006
0.5238984185228
0.52366396175643
0.52343021128587
0.52319716396298
0.52296481665643
0.52273316625162
0.52250220965056
0.52227194377177
0.52204236555015
0.52181347193695
0.52158525989957
0.52135772642155
0.5211308685024
0.52090468315753
0.52067916741817
0.52045431833124
0.52023013295924
0.52000660838021
0.51978374168757
0.51956152999009
0.51933997041173
0.51911906009158
0.51889879618376
0.51867917585735
0.51846019629625
0.51824185469912
0.51802414827931
0.51780707426471
0.51759062989771
0.51737481243511
0.51715961914799
0.51694504732167
0.51673109425561
0.51651775726329
0.51630503367217
0.5160929208236
0.51588141607269
0.51567051678828
0.51546022035284
0.51525052416237
0.51504142562632
0.51483292216755
0.51462501122219
0.5144176902396
0.51421095668228
0.5140048080258
0.51379924175867
0.51359425538235
0.5133898464111
0.51318601237193
0.51298275080452
0.51278005926115
0.51257793530663
0.51237637651819
0.51217538048547
0.51197494481036
0.51177506710702
0.51157574500172
0.51137697613285
0.51117875815077
0.51098108871781
0.51078396550815
0.51058738620775
0.51039134851432
0.51019585013722
0.5100008887974
0.50980646222732
0.50961256817091
0.50941920438345
0.50922636863157
0.50903405869315
0.50884227235723
0.508651007424
0.50846026170468
0.5082700330215
0.5080803192076
0.50789111810698
0.50770242757447
0.50751424547558
0.50732656968656
0.50713939809421
0.50695272859593
0.50676655909957
0.50658088752343
0.50639571179618
0.50621102985677
0.50602683965444
0.50584313914859
0.50565992630875
0.50547719911453
0.50529495555557
0.50511319363143
0.5049319113516
0.5047511067354
0.50457077781194
0.50439092262005
0.50421153920826
0.50403262563469
0.50385417996703
0.50367620028251
0.50349868466778
0.5033216312189
0.50314503804129
0.50296890324965
0.50279322496794
0.5026180013293
0.50244323047601
0.50226891055943
0.50209503973997
0.50192161618702
0.50174863807888
0.50157610360276
0.50140401095471
0.50123235833953
0.50106114397078
0.50089036607069
0.50072002287015
0.50055011260862
0.50038063353409
0.50021158390305
0.50004296198046
0.49987476603964
0.49970699436227
0.49953964523836
0.49937271696615
0.49920620785209
0.49904011621082
0.49887444036509
0.49870917864571
0.49854432939154
0.49837989094942
0.49821586167414
0.49805223992837
0.49788902408266
0.49772621251535
0.49756380361256
0.49740179576813
0.49724018738359
0.49707897686811
0.49691816263845
0.49675774311894
0.4965977167414
0.49643808194517
0.49627883717699
0.49611998089099
0.49596151154868
0.49580342761885
0.49564572757759
0.49548840990822
0.49533147310123
0.49517491565429
0.49501873607217
0.49486293286674
0.49470750455687
0.49455244966847
0.49439776673439
0.49424345429441
0.4940895108952
0.49393593509029
0.49378272543999
0.49362988051142
0.49347739887843
0.49332527912158
0.49317351982808
0.49302211959178
0.49287107701314
0.49272039069916
0.49257005926338
0.49242008132583
0.49227045551299
0.49212118045777
0.49197225479945
0.49182367718368
0.49167544626243
0.49152756069394
0.49138001914272
0.49123282027948
0.49108596278114
0.49093944533075
0.4907932666175
0.49064742533665
0.49050192018953
0.49035674988347
0.49021191313183
0.4900674086539
0.4899232351749
0.48977939142597
0.48963587614409
0.48949268807209
0.48934982595859
0.48920728855801
0.4890650746305
0.4889231829419
0.48878161226378
0.48864036137332
0.48849942905336
0.4883588140923
0.48821851528414
0.48807853142839
0.48793886133008
0.48779950379971
0.48766045765324
0.48752172171205
0.48738329480291
0.48724517575795
0.48710736341465
0.48696985661579
0.48683265420944
0.48669575504892
0.48655915799277
0.48642286190474
0.48628686565377
0.48615116811391
0.48601576816435
0.48588066468938
0.48574585657836
0.48561134272566
0.4854771220307
0.48534319339788
0.48520955573656
0.48507620796104
0.48494314899053
0.48481037774913
0.48467789316581
0.48454569417436
0.48441377971341
0.48428214872635
0.48415080016136
0.48401973297134
0.48388894611392
0.4837584385514
0.48362820925076
0.48349825718365
0.4833685813263
0.48323918065955
0.48311005416881
0.48298120084406
0.48285261967979
0.48272430967499
0.48259626983314
0.48246849916218
0.48234099667448
0.48221376138681
0.48208679232037
0.4819600885007
0.48183364895768
0.48170747272554
0.4815815588428
0.48145590635225
0.48133051430097
0.48120538174024
0.4810805077256
0.48095589131675
0.48083153157757
0.48070742757613
0.48058357838458
0.48045998307923
0.48033664074045
0.48021355045269
0.48009071130445
0.47996812238828
0.47984578280071
0.47972369164229
0.47960184801751
0.47948025103485
0.47935889980667
0.4792377934493
0.47911693108292
0.47899631183159
0.47887593482325
0.47875579918964
0.47863590406633
0.4785162485927
0.47839683191189
0.47827765317081
0.47815871152009
0.47804000611412
0.47792153611095
0.47780330067236
0.47768529896377
0.47756753015424
0.47744999341649
0.47733268792684
0.47721561286519
0.47709876741505
0.47698215076347
0.47686576210105
0.4767496006219
0.47663366552366
0.47651795600745
0.47640247127787
0.47628721054296
0.47617217301423
0.47605735790658
0.47594276443834
0.47582839183123
0.47571423931032
0.47560030610407
0.47548659144425
0.47537309456598
0.47525981470766
0.47514675111102
0.47503390302102
0.47492126968592
0.47480885035721
0.4746966442896
0.47458465074102
0.4744728689726
0.47436129824865
0.47424993783664
0.4741387870072
0.47402784503409
0.47391711119421
0.47380658476752
0.47369626503713
0.47358615128917
0.47347624281288
0.4733665389005
0.47325703884734
0.4731477419517
0.4730386475149
0.47292975484125
0.47282106323801
0.47271257201542
0.47260428048666
0.47249618796785
0.472388293778
0.47228059723906
0.47217309767583
0.47206579441602
0.47195868679019
0.47185177413173
0.4717450557769
0.47163853106474
0.47153219933712
0.47142605993872
0.47132011221696
0.47121435552206
0.47110878920699
0.47100341262744
0.47089822514185
0.47079322611138
0.47068841489986
0.47058379087383
0.47047935340253
0.47037510185781
0.47027103561423
0.47016715404894
0.47006345654175
0.46995994247506
0.46985661123389
0.46975346220584
0.46965049478108
0.46954770835237
0.46944510231499
0.46934267606679
0.46924042900812
0.46913836054187
0.46903647007344
0.46893475701069
0.468833220764
0.46873186074618
0.46863067637254
0.46852966706081
0.46842883223116
